2023-08-30 09:43:31,690 INFO c.e.d.c.OrderController [main] Submit order
2023-08-30 09:43:31,711 ERROR c.e.d.c.OrderController [main] Cannot find User with name: 
2023-08-30 09:52:45,601 INFO c.e.d.c.OrderController [main] Submit order
2023-08-30 09:52:45,609 ERROR c.e.d.c.OrderController [main] Cannot find User with name: 
2023-08-30 10:09:02,729 INFO c.e.d.c.OrderController [main] Get Order by User
2023-08-30 10:09:02,745 INFO c.e.d.c.OrderController [main] Get orders successfully
2023-08-30 10:09:26,373 INFO c.e.d.c.UserController [main] Create new User
2023-08-30 10:09:26,380 INFO c.e.d.c.UserController [main] User name set with 
2023-08-30 10:09:26,384 ERROR c.e.d.c.UserController [main] Create user failures
2023-08-30 10:09:38,981 INFO c.e.d.c.CartController [main] Add to cart
2023-08-30 10:09:38,991 ERROR c.e.d.c.CartController [main] Not found Username: 
2023-08-30 10:09:49,262 INFO c.e.d.c.CartController [main] Add to cart
2023-08-30 10:09:49,274 ERROR c.e.d.c.CartController [main] Not found item: 
2023-08-30 10:09:55,207 INFO c.e.d.c.CartController [main] Add to cart
2023-08-30 10:09:55,220 INFO c.e.d.c.CartController [main] Add to Cart successfully
2023-08-30 10:10:02,294 ERROR c.e.d.c.CartController [main] Not found Username: 
2023-08-30 10:11:04,753 ERROR c.e.d.c.CartController [main] Not found item: 
2023-08-30 10:11:14,487 INFO c.e.d.c.UserController [main] Create new User
2023-08-30 10:11:14,492 INFO c.e.d.c.UserController [main] User name set with 
2023-08-30 10:11:14,498 ERROR c.e.d.c.UserController [main] Create user failures
2023-08-30 10:22:44,459 INFO c.e.d.c.UserController [main] Create new User
2023-08-30 10:22:44,464 INFO c.e.d.c.UserController [main] User name set with 
2023-08-30 10:22:44,470 INFO c.e.d.c.UserController [main] Create user successfully
2023-08-30 10:24:37,705 INFO c.e.d.c.UserController [main] Create new User
2023-08-30 10:24:37,709 INFO c.e.d.c.UserController [main] User name set with 
2023-08-30 10:24:37,716 INFO c.e.d.c.UserController [main] Create user successfully
2023-08-30 10:24:53,535 INFO c.e.d.c.UserController [main] Create new User
2023-08-30 10:24:53,539 INFO c.e.d.c.UserController [main] User name set with 
2023-08-30 10:24:53,543 ERROR c.e.d.c.UserController [main] Create user failures
2023-08-30 10:25:02,076 INFO c.e.d.c.UserController [main] Create new User
2023-08-30 10:25:02,085 INFO c.e.d.c.UserController [main] User name set with 
2023-08-30 10:25:02,090 ERROR c.e.d.c.UserController [main] Create user failures
2023-08-30 10:25:27,827 INFO c.e.d.c.OrderController [main] Get Order by User
2023-08-30 10:25:27,837 INFO c.e.d.c.OrderController [main] Get orders successfully
2023-08-30 10:25:35,327 INFO c.e.d.c.OrderController [main] Get Order by User
2023-08-30 10:25:35,339 ERROR c.e.d.c.OrderController [main] Cannot find User with name: 
2023-08-30 10:25:42,736 INFO c.e.d.c.OrderController [main] Submit order
2023-08-30 10:25:42,747 INFO c.e.d.c.OrderController [main] Order request successfully
2023-08-31 18:14:22,416 INFO c.e.d.c.CartController [main] Remove item from cart
2023-08-31 18:14:22,470 ERROR c.e.d.c.CartController [main] Not found item: 
2023-08-31 18:14:22,473 ERROR c.e.d.c.CartController [main] Not found Username: 
2023-08-31 18:14:22,478 INFO c.e.d.c.CartController [main] Add to cart
2023-08-31 18:14:22,478 ERROR c.e.d.c.CartController [main] Not found item: 
2023-08-31 18:14:22,481 INFO c.e.d.c.CartController [main] Add to cart
2023-08-31 18:14:22,481 ERROR c.e.d.c.CartController [main] Not found Username: 
2023-08-31 18:14:22,483 INFO c.e.d.c.CartController [main] Add to cart
2023-08-31 18:14:22,485 INFO c.e.d.c.CartController [main] Add to Cart successfully
2023-08-31 18:14:22,563 INFO c.e.d.c.OrderController [main] Submit order
2023-08-31 18:14:22,564 INFO c.e.d.c.OrderController [main] Order request successfully
2023-08-31 18:14:22,566 INFO c.e.d.c.OrderController [main] Submit order
2023-08-31 18:14:22,567 ERROR c.e.d.c.OrderController [main] Cannot find User with name: 
2023-08-31 18:14:22,569 INFO c.e.d.c.OrderController [main] Get Order by User
2023-08-31 18:14:22,570 INFO c.e.d.c.OrderController [main] Get orders successfully
2023-08-31 18:14:22,572 INFO c.e.d.c.OrderController [main] Get Order by User
2023-08-31 18:14:22,573 ERROR c.e.d.c.OrderController [main] Cannot find User with name: 
2023-08-31 18:14:22,622 INFO c.e.d.c.UserController [main] Create new User
2023-08-31 18:14:22,622 INFO c.e.d.c.UserController [main] User name set with 
2023-08-31 18:14:22,625 INFO c.e.d.c.UserController [main] Create user successfully
2023-08-31 18:14:22,630 INFO c.e.d.c.UserController [main] Create new User
2023-08-31 18:14:22,631 INFO c.e.d.c.UserController [main] User name set with 
2023-08-31 18:14:22,631 ERROR c.e.d.c.UserController [main] Create user failures
2023-08-31 18:14:22,634 INFO c.e.d.c.UserController [main] Create new User
2023-08-31 18:14:22,634 INFO c.e.d.c.UserController [main] User name set with 
2023-08-31 18:14:22,634 ERROR c.e.d.c.UserController [main] Create user failures
2023-08-31 18:15:49,116 INFO c.e.d.c.CartController [main] Remove item from cart
2023-08-31 18:15:49,147 ERROR c.e.d.c.CartController [main] Not found item: 
2023-08-31 18:15:49,149 ERROR c.e.d.c.CartController [main] Not found Username: 
2023-08-31 18:15:49,151 INFO c.e.d.c.CartController [main] Add to cart
2023-08-31 18:15:49,152 ERROR c.e.d.c.CartController [main] Not found item: 
2023-08-31 18:15:49,153 INFO c.e.d.c.CartController [main] Add to cart
2023-08-31 18:15:49,154 ERROR c.e.d.c.CartController [main] Not found Username: 
2023-08-31 18:15:49,155 INFO c.e.d.c.CartController [main] Add to cart
2023-08-31 18:15:49,156 INFO c.e.d.c.CartController [main] Add to Cart successfully
2023-08-31 18:15:49,237 INFO c.e.d.c.OrderController [main] Submit order
2023-08-31 18:15:49,237 INFO c.e.d.c.OrderController [main] Order request successfully
2023-08-31 18:15:49,240 INFO c.e.d.c.OrderController [main] Submit order
2023-08-31 18:15:49,240 ERROR c.e.d.c.OrderController [main] Cannot find User with name: 
2023-08-31 18:15:49,249 INFO c.e.d.c.OrderController [main] Get Order by User
2023-08-31 18:15:49,250 INFO c.e.d.c.OrderController [main] Get orders successfully
2023-08-31 18:15:49,252 INFO c.e.d.c.OrderController [main] Get Order by User
2023-08-31 18:15:49,254 ERROR c.e.d.c.OrderController [main] Cannot find User with name: 
2023-08-31 18:15:49,304 INFO c.e.d.c.UserController [main] Create new User
2023-08-31 18:15:49,305 INFO c.e.d.c.UserController [main] User name set with 
2023-08-31 18:15:49,307 INFO c.e.d.c.UserController [main] Create user successfully
2023-08-31 18:15:49,310 INFO c.e.d.c.UserController [main] Create new User
2023-08-31 18:15:49,311 INFO c.e.d.c.UserController [main] User name set with 
2023-08-31 18:15:49,311 ERROR c.e.d.c.UserController [main] Create user failures
2023-08-31 18:15:49,313 INFO c.e.d.c.UserController [main] Create new User
2023-08-31 18:15:49,314 INFO c.e.d.c.UserController [main] User name set with 
2023-08-31 18:15:49,314 ERROR c.e.d.c.UserController [main] Create user failures
2023-08-31 19:12:52,617 INFO c.e.d.c.CartController [main] Remove item from cart
2023-08-31 19:12:52,686 ERROR c.e.d.c.CartController [main] Not found item: 
2023-08-31 19:12:52,692 ERROR c.e.d.c.CartController [main] Not found Username: 
2023-08-31 19:12:52,694 INFO c.e.d.c.CartController [main] Add to cart
2023-08-31 19:12:52,695 ERROR c.e.d.c.CartController [main] Not found item: 
2023-08-31 19:12:52,698 INFO c.e.d.c.CartController [main] Add to cart
2023-08-31 19:12:52,699 ERROR c.e.d.c.CartController [main] Not found Username: 
2023-08-31 19:12:52,701 INFO c.e.d.c.CartController [main] Add to cart
2023-08-31 19:12:52,703 INFO c.e.d.c.CartController [main] Add to Cart successfully
2023-08-31 19:12:52,777 INFO c.e.d.c.OrderController [main] Submit order
2023-08-31 19:12:52,778 INFO c.e.d.c.OrderController [main] Order request successfully
2023-08-31 19:12:52,782 INFO c.e.d.c.OrderController [main] Submit order
2023-08-31 19:12:52,782 ERROR c.e.d.c.OrderController [main] Cannot find User with name: 
2023-08-31 19:12:52,785 INFO c.e.d.c.OrderController [main] Get Order by User
2023-08-31 19:12:52,785 INFO c.e.d.c.OrderController [main] Get orders successfully
2023-08-31 19:12:52,788 INFO c.e.d.c.OrderController [main] Get Order by User
2023-08-31 19:12:52,789 ERROR c.e.d.c.OrderController [main] Cannot find User with name: 
2023-08-31 19:12:52,818 INFO c.e.d.c.UserController [main] Create new User
2023-08-31 19:12:52,819 INFO c.e.d.c.UserController [main] User name set with 
2023-08-31 19:12:52,821 INFO c.e.d.c.UserController [main] Create user successfully
2023-08-31 19:12:52,825 INFO c.e.d.c.UserController [main] Create new User
2023-08-31 19:12:52,825 INFO c.e.d.c.UserController [main] User name set with 
2023-08-31 19:12:52,826 ERROR c.e.d.c.UserController [main] Create user failures
2023-08-31 19:12:52,828 INFO c.e.d.c.UserController [main] Create new User
2023-08-31 19:12:52,829 INFO c.e.d.c.UserController [main] User name set with 
2023-08-31 19:12:52,829 ERROR c.e.d.c.UserController [main] Create user failures
2023-08-31 19:13:42,492 INFO c.e.d.c.CartController [main] Remove item from cart
2023-08-31 19:13:42,519 ERROR c.e.d.c.CartController [main] Not found item: 
2023-08-31 19:13:42,520 ERROR c.e.d.c.CartController [main] Not found Username: 
2023-08-31 19:13:42,521 INFO c.e.d.c.CartController [main] Add to cart
2023-08-31 19:13:42,521 ERROR c.e.d.c.CartController [main] Not found item: 
2023-08-31 19:13:42,523 INFO c.e.d.c.CartController [main] Add to cart
2023-08-31 19:13:42,523 ERROR c.e.d.c.CartController [main] Not found Username: 
2023-08-31 19:13:42,524 INFO c.e.d.c.CartController [main] Add to cart
2023-08-31 19:13:42,525 INFO c.e.d.c.CartController [main] Add to Cart successfully
2023-08-31 19:13:42,562 INFO c.e.d.c.OrderController [main] Submit order
2023-08-31 19:13:42,563 INFO c.e.d.c.OrderController [main] Order request successfully
2023-08-31 19:13:42,564 INFO c.e.d.c.OrderController [main] Submit order
2023-08-31 19:13:42,564 ERROR c.e.d.c.OrderController [main] Cannot find User with name: 
2023-08-31 19:13:42,566 INFO c.e.d.c.OrderController [main] Get Order by User
2023-08-31 19:13:42,566 INFO c.e.d.c.OrderController [main] Get orders successfully
2023-08-31 19:13:42,567 INFO c.e.d.c.OrderController [main] Get Order by User
2023-08-31 19:13:42,567 ERROR c.e.d.c.OrderController [main] Cannot find User with name: 
2023-08-31 19:13:42,581 INFO c.e.d.c.UserController [main] Create new User
2023-08-31 19:13:42,582 INFO c.e.d.c.UserController [main] User name set with 
2023-08-31 19:13:42,583 INFO c.e.d.c.UserController [main] Create user successfully
2023-08-31 19:13:42,585 INFO c.e.d.c.UserController [main] Create new User
2023-08-31 19:13:42,585 INFO c.e.d.c.UserController [main] User name set with 
2023-08-31 19:13:42,585 ERROR c.e.d.c.UserController [main] Create user failures
2023-08-31 19:13:42,586 INFO c.e.d.c.UserController [main] Create new User
2023-08-31 19:13:42,586 INFO c.e.d.c.UserController [main] User name set with 
2023-08-31 19:13:42,586 ERROR c.e.d.c.UserController [main] Create user failures
2023-08-31 19:20:18,439 INFO c.e.d.c.CartController [main] Remove item from cart
2023-08-31 19:20:18,472 ERROR c.e.d.c.CartController [main] Not found item: 
2023-08-31 19:20:18,474 ERROR c.e.d.c.CartController [main] Not found Username: 
2023-08-31 19:20:18,477 INFO c.e.d.c.CartController [main] Add to cart
2023-08-31 19:20:18,477 ERROR c.e.d.c.CartController [main] Not found item: 
2023-08-31 19:20:18,479 INFO c.e.d.c.CartController [main] Add to cart
2023-08-31 19:20:18,479 ERROR c.e.d.c.CartController [main] Not found Username: 
2023-08-31 19:20:18,482 INFO c.e.d.c.CartController [main] Add to cart
2023-08-31 19:20:18,483 INFO c.e.d.c.CartController [main] Add to Cart successfully
2023-08-31 19:20:18,558 INFO c.e.d.c.OrderController [main] Submit order
2023-08-31 19:20:18,559 INFO c.e.d.c.OrderController [main] Order request successfully
2023-08-31 19:20:18,562 INFO c.e.d.c.OrderController [main] Submit order
2023-08-31 19:20:18,562 ERROR c.e.d.c.OrderController [main] Cannot find User with name: 
2023-08-31 19:20:18,565 INFO c.e.d.c.OrderController [main] Get Order by User
2023-08-31 19:20:18,566 INFO c.e.d.c.OrderController [main] Get orders successfully
2023-08-31 19:20:18,568 INFO c.e.d.c.OrderController [main] Get Order by User
2023-08-31 19:20:18,569 ERROR c.e.d.c.OrderController [main] Cannot find User with name: 
2023-08-31 19:20:18,599 INFO c.e.d.c.UserController [main] Create new User
2023-08-31 19:20:18,599 INFO c.e.d.c.UserController [main] User name set with 
2023-08-31 19:20:18,602 INFO c.e.d.c.UserController [main] Create user successfully
2023-08-31 19:20:18,607 INFO c.e.d.c.UserController [main] Create new User
2023-08-31 19:20:18,607 INFO c.e.d.c.UserController [main] User name set with 
2023-08-31 19:20:18,607 ERROR c.e.d.c.UserController [main] Create user failures
2023-08-31 19:20:18,609 INFO c.e.d.c.UserController [main] Create new User
2023-08-31 19:20:18,610 INFO c.e.d.c.UserController [main] User name set with 
2023-08-31 19:20:18,610 ERROR c.e.d.c.UserController [main] Create user failures
