2023-08-30 09:43:31,690 INFO c.e.d.c.OrderController [main] Submit order
2023-08-30 09:43:31,711 ERROR c.e.d.c.OrderController [main] Cannot find User with name:
2023-08-30 09:52:45,601 INFO c.e.d.c.OrderController [main] Submit order
2023-08-30 09:52:45,609 ERROR c.e.d.c.OrderController [main] Cannot find User with name:
2023-08-30 10:09:02,729 INFO c.e.d.c.OrderController [main] Get Order by User
2023-08-30 10:09:02,745 INFO c.e.d.c.OrderController [main] Get orders successfully
2023-08-30 10:09:26,373 INFO c.e.d.c.UserController [main] Create new User
2023-08-30 10:09:26,380 INFO c.e.d.c.UserController [main] User name set with
2023-08-30 10:09:26,384 ERROR c.e.d.c.UserController [main] Create user failures
2023-08-30 10:09:38,981 INFO c.e.d.c.CartController [main] Add to cart
2023-08-30 10:09:38,991 ERROR c.e.d.c.CartController [main] Not found Username:
2023-08-30 10:09:49,262 INFO c.e.d.c.CartController [main] Add to cart
2023-08-30 10:09:49,274 ERROR c.e.d.c.CartController [main] Not found item:
2023-08-30 10:09:55,207 INFO c.e.d.c.CartController [main] Add to cart
2023-08-30 10:09:55,220 INFO c.e.d.c.CartController [main] Add to Cart successfully
2023-08-30 10:10:02,294 ERROR c.e.d.c.CartController [main] Not found Username:
2023-08-30 10:11:04,753 ERROR c.e.d.c.CartController [main] Not found item:
2023-08-30 10:11:14,487 INFO c.e.d.c.UserController [main] Create new User
2023-08-30 10:11:14,492 INFO c.e.d.c.UserController [main] User name set with
2023-08-30 10:11:14,498 ERROR c.e.d.c.UserController [main] Create user failures
2023-08-30 10:22:44,459 INFO c.e.d.c.UserController [main] Create new User
2023-08-30 10:22:44,464 INFO c.e.d.c.UserController [main] User name set with
2023-08-30 10:22:44,470 INFO c.e.d.c.UserController [main] Create user successfully
2023-08-30 10:24:37,705 INFO c.e.d.c.UserController [main] Create new User
2023-08-30 10:24:37,709 INFO c.e.d.c.UserController [main] User name set with
2023-08-30 10:24:37,716 INFO c.e.d.c.UserController [main] Create user successfully
2023-08-30 10:24:53,535 INFO c.e.d.c.UserController [main] Create new User
2023-08-30 10:24:53,539 INFO c.e.d.c.UserController [main] User name set with
2023-08-30 10:24:53,543 ERROR c.e.d.c.UserController [main] Create user failures
2023-08-30 10:25:02,076 INFO c.e.d.c.UserController [main] Create new User
2023-08-30 10:25:02,085 INFO c.e.d.c.UserController [main] User name set with
2023-08-30 10:25:02,090 ERROR c.e.d.c.UserController [main] Create user failures
2023-08-30 10:25:27,827 INFO c.e.d.c.OrderController [main] Get Order by User
2023-08-30 10:25:27,837 INFO c.e.d.c.OrderController [main] Get orders successfully
2023-08-30 10:25:35,327 INFO c.e.d.c.OrderController [main] Get Order by User
2023-08-30 10:25:35,339 ERROR c.e.d.c.OrderController [main] Cannot find User with name:
2023-08-30 10:25:42,736 INFO c.e.d.c.OrderController [main] Submit order
2023-08-30 10:25:42,747 INFO c.e.d.c.OrderController [main] Order request successfully
2023-08-30 11:05:42,648 INFO o.a.j.l.DirectJDKLog [http-nio-8080-exec-1] Initializing Spring DispatcherServlet 'dispatcherServlet'
2023-08-30 11:05:42,662 INFO o.s.w.s.FrameworkServlet [http-nio-8080-exec-1] Initializing Servlet 'dispatcherServlet'
2023-08-30 11:05:42,824 INFO o.s.w.s.FrameworkServlet [http-nio-8080-exec-1] Completed initialization in 162 ms
2023-08-30 13:09:23,498 WARN c.z.h.p.HikariPool$HouseKeeper [HikariPool-1 housekeeper] HikariPool-1 - Thread starvation or clock leap detected (housekeeper delta=30m13s561ms72µs600ns).
2023-08-30 22:39:38,755 WARN c.z.h.p.HikariPool$HouseKeeper [HikariPool-1 housekeeper] HikariPool-1 - Thread starvation or clock leap detected (housekeeper delta=4h42m27s619ms172µs).
2023-08-31 18:22:05,527 INFO o.s.b.StartupInfoLogger [main] Starting SareetaApplication on desktop-41kc414 with PID 22764 (D:\Learning\2023\udacity_java\DAY_4\nd035-c4-Security-and-DevOps-master\starter_code\target\classes started by Thang in D:\Learning\2023\udacity_java\DAY_4\nd035-c4-Security-and-DevOps-master)
2023-08-31 18:22:05,557 INFO o.s.b.SpringApplication [main] No active profile set, falling back to default profiles: default
2023-08-31 18:22:05,980 INFO o.s.d.r.c.RepositoryConfigurationDelegate [main] Bootstrapping Spring Data repositories in DEFAULT mode.
2023-08-31 18:22:06,028 INFO o.s.d.r.c.RepositoryConfigurationDelegate [main] Finished Spring Data repository scanning in 43ms. Found 4 repository interfaces.
2023-08-31 18:22:06,438 INFO o.s.c.s.PostProcessorRegistrationDelegate$BeanPostProcessorChecker [main] Bean 'org.springframework.transaction.annotation.ProxyTransactionManagementConfiguration' of type [org.springframework.transaction.annotation.ProxyTransactionManagementConfiguration$$EnhancerBySpringCGLIB$$15cdd725] is not eligible for getting processed by all BeanPostProcessors (for example: not eligible for auto-proxying)
2023-08-31 18:22:06,667 INFO o.s.b.w.e.t.TomcatWebServer [main] Tomcat initialized with port(s): 8082 (http)
2023-08-31 18:22:06,682 INFO o.a.j.l.DirectJDKLog [main] Initializing ProtocolHandler ["http-nio-8082"]
2023-08-31 18:22:06,693 INFO o.a.j.l.DirectJDKLog [main] Starting service [Tomcat]
2023-08-31 18:22:06,694 INFO o.a.j.l.DirectJDKLog [main] Starting Servlet engine: [Apache Tomcat/9.0.19]
2023-08-31 18:22:06,803 INFO o.a.j.l.DirectJDKLog [main] Initializing Spring embedded WebApplicationContext
2023-08-31 18:22:06,803 INFO o.s.b.w.s.c.ServletWebServerApplicationContext [main] Root WebApplicationContext: initialization completed in 1196 ms
2023-08-31 18:22:06,970 INFO c.z.h.HikariDataSource [main] HikariPool-1 - Starting...
2023-08-31 18:22:07,039 INFO c.z.h.HikariDataSource [main] HikariPool-1 - Start completed.
2023-08-31 18:22:07,072 INFO o.h.j.i.u.LogHelper [main] HHH000204: Processing PersistenceUnitInfo [
	name: default
	...]
2023-08-31 18:22:07,112 INFO o.h.Version [main] HHH000412: Hibernate Core {5.3.10.Final}
2023-08-31 18:22:07,114 INFO o.h.c.Environment [main] HHH000206: hibernate.properties not found
2023-08-31 18:22:07,204 INFO o.h.a.c.r.j.JavaReflectionManager [main] HCANN000001: Hibernate Commons Annotations {5.0.4.Final}
2023-08-31 18:22:07,305 INFO o.h.d.Dialect [main] HHH000400: Using dialect: org.hibernate.dialect.H2Dialect
2023-08-31 18:22:07,931 INFO o.s.o.j.AbstractEntityManagerFactoryBean [main] Initialized JPA EntityManagerFactory for persistence unit 'default'
2023-08-31 18:22:08,460 WARN o.s.b.a.o.j.JpaBaseConfiguration$JpaWebConfiguration$JpaWebMvcConfiguration [main] spring.jpa.open-in-view is enabled by default. Therefore, database queries may be performed during view rendering. Explicitly configure spring.jpa.open-in-view to disable this warning
2023-08-31 18:22:08,510 INFO o.s.s.w.DefaultSecurityFilterChain [main] Creating filter chain: any request, [org.springframework.security.web.context.request.async.WebAsyncManagerIntegrationFilter@248b2091, org.springframework.security.web.context.SecurityContextPersistenceFilter@2979c6ef, org.springframework.security.web.header.HeaderWriterFilter@5c7a06ec, org.springframework.web.filter.CorsFilter@3b0c38f2, org.springframework.security.web.authentication.logout.LogoutFilter@6fd2acf5, com.example.demo.security.JWTAuthenticationFilter@5cc152f9, com.example.demo.security.JWTAuthenticationVerificationFilter@36f497b1, org.springframework.security.web.savedrequest.RequestCacheAwareFilter@61d61b0e, org.springframework.security.web.servletapi.SecurityContextHolderAwareRequestFilter@97cb8dc, org.springframework.security.web.authentication.AnonymousAuthenticationFilter@4b86a656, org.springframework.security.web.session.SessionManagementFilter@137d04d8, org.springframework.security.web.access.ExceptionTranslationFilter@7491cdae, org.springframework.security.web.access.intercept.FilterSecurityInterceptor@394331a8]
2023-08-31 18:22:08,593 INFO o.s.s.c.ExecutorConfigurationSupport [main] Initializing ExecutorService 'applicationTaskExecutor'
2023-08-31 18:22:08,703 INFO o.a.j.l.DirectJDKLog [main] Starting ProtocolHandler ["http-nio-8082"]
2023-08-31 18:22:08,730 INFO o.s.b.w.e.t.TomcatWebServer [main] Tomcat started on port(s): 8082 (http) with context path ''
2023-08-31 18:22:08,733 INFO o.s.b.StartupInfoLogger [main] Started SareetaApplication in 3.501 seconds (JVM running for 4.619)
2023-08-31 18:22:08,734 INFO c.e.d.SareetaApplication [main] ECommerce Application Started
2023-08-31 19:19:53,821 INFO o.s.s.c.ExecutorConfigurationSupport [Thread-3] Shutting down ExecutorService 'applicationTaskExecutor'
2023-08-31 19:19:53,823 INFO o.s.o.j.AbstractEntityManagerFactoryBean [Thread-3] Closing JPA EntityManagerFactory for persistence unit 'default'
2023-08-31 19:19:53,826 INFO c.z.h.HikariDataSource [Thread-3] HikariPool-1 - Shutdown initiated...
2023-08-31 19:19:53,830 INFO c.z.h.HikariDataSource [Thread-3] HikariPool-1 - Shutdown completed.
